<?xml version="1.0" encoding="UTF-8"?>
<testsuite name="RobotTest" tests="5" skipped="0" failures="0" errors="0" timestamp="2023-05-14T14:03:39" hostname="Biancas-MacBook-Pro.local" time="0.078">
  <properties/>
  <testcase name="robotRemembersItsName" classname="RobotTest" time="0.016"/>
  <testcase name="isRandom" classname="RobotTest" time="0.057"/>
  <testcase name="differentRobotsHaveDifferentNames" classname="RobotTest" time="0.001"/>
  <testcase name="hasName" classname="RobotTest" time="0.003"/>
  <testcase name="resetName" classname="RobotTest" time="0.001"/>
  <system-out><![CDATA[]]></system-out>
  <system-err><![CDATA[]]></system-err>
</testsuite>
